Trellis diagram of (2,1,6) convolutional code
Generator polynomials are {171,133} in Octal
Generator polynomials are {79,109} in Decimal reverse order

s(k-1) s(k) input out171 out133
   0    0     0     0    0
   0    1     1     1    1
   1    2     0     1    0
   1    3     1     0    1
   2    4     0     1    1
   2    5     1     0    0
   3    6     0     0    1
   3    7     1     1    0
   4    8     0     1    1
   4    9     1     0    0
   5   10     0     0    1
   5   11     1     1    0
   6   12     0     0    0
   6   13     1     1    1
   7   14     0     1    0
   7   15     1     0    1
   8   16     0     0    0
   8   17     1     1    1
   9   18     0     1    0
   9   19     1     0    1
  10   20     0     1    1
  10   21     1     0    0
  11   22     0     0    1
  11   23     1     1    0
  12   24     0     1    1
  12   25     1     0    0
  13   26     0     0    1
  13   27     1     1    0
  14   28     0     0    0
  14   29     1     1    1
  15   30     0     1    0
  15   31     1     0    1
  16   32     0     0    1
  16   33     1     1    0
  17   34     0     1    1
  17   35     1     0    0
  18   36     0     1    0
  18   37     1     0    1
  19   38     0     0    0
  19   39     1     1    1
  20   40     0     1    0
  20   41     1     0    1
  21   42     0     0    0
  21   43     1     1    1
  22   44     0     0    1
  22   45     1     1    0
  23   46     0     1    1
  23   47     1     0    0
  24   48     0     0    1
  24   49     1     1    0
  25   50     0     1    1
  25   51     1     0    0
  26   52     0     1    0
  26   53     1     0    1
  27   54     0     0    0
  27   55     1     1    1
  28   56     0     1    0
  28   57     1     0    1
  29   58     0     0    0
  29   59     1     1    1
  30   60     0     0    1
  30   61     1     1    0
  31   62     0     1    1
  31   63     1     0    0
  32    0     0     1    1
  32    1     1     0    0
  33    2     0     0    1
  33    3     1     1    0
  34    4     0     0    0
  34    5     1     1    1
  35    6     0     1    0
  35    7     1     0    1
  36    8     0     0    0
  36    9     1     1    1
  37   10     0     1    0
  37   11     1     0    1
  38   12     0     1    1
  38   13     1     0    0
  39   14     0     0    1
  39   15     1     1    0
  40   16     0     1    1
  40   17     1     0    0
  41   18     0     0    1
  41   19     1     1    0
  42   20     0     0    0
  42   21     1     1    1
  43   22     0     1    0
  43   23     1     0    1
  44   24     0     0    0
  44   25     1     1    1
  45   26     0     1    0
  45   27     1     0    1
  46   28     0     1    1
  46   29     1     0    0
  47   30     0     0    1
  47   31     1     1    0
  48   32     0     1    0
  48   33     1     0    1
  49   34     0     0    0
  49   35     1     1    1
  50   36     0     0    1
  50   37     1     1    0
  51   38     0     1    1
  51   39     1     0    0
  52   40     0     0    1
  52   41     1     1    0
  53   42     0     1    1
  53   43     1     0    0
  54   44     0     1    0
  54   45     1     0    1
  55   46     0     0    0
  55   47     1     1    1
  56   48     0     1    0
  56   49     1     0    1
  57   50     0     0    0
  57   51     1     1    1
  58   52     0     0    1
  58   53     1     1    0
  59   54     0     1    1
  59   55     1     0    0
  60   56     0     0    1
  60   57     1     1    0
  61   58     0     1    1
  61   59     1     0    0
  62   60     0     1    0
  62   61     1     0    1
  63   62     0     0    0
  63   63     1     1    1
