BER Performance of Galager (20,5) LDPC Code in AWGN Channel
Dimension of Parity Check matrix: (20,15)
Column Weight = 3, Row Weight = 4
number of bits of simulation = 95500000

Eb/No     BER
BER Performance of Galager (20,5) LDPC Code in AWGN Channel
Dimension of Parity Check matrix: (20,15)
Column Weight = 3, Row Weight = 4
number of bits of simulation = 7640000

Eb/No     BER
BER Performance of Galager (273,191) LDPC Code in AWGN Channel
Dimension of Parity Check matrix: (273,273)
Column Weight = 17, Row Weight = 17
number of bits of simulation = 764

Eb/No     BER
0.000000 0.000000e+00 0.000000e+00 0.000000e+00 0.000000e+00 0.000000e+00 0.000000e+00 0.000000e+00 0.000000e+00 0.000000e+00 0.000000e+00 
1.000000 0.000000e+00 0.000000e+00 0.000000e+00 0.000000e+00 0.000000e+00 0.000000e+00 0.000000e+00 0.000000e+00 0.000000e+00 0.000000e+00 
2.000000 0.000000e+00 0.000000e+00 0.000000e+00 0.000000e+00 0.000000e+00 0.000000e+00 0.000000e+00 0.000000e+00 0.000000e+00 0.000000e+00 
3.000000 0.000000e+00 0.000000e+00 0.000000e+00 0.000000e+00 0.000000e+00 0.000000e+00 0.000000e+00 0.000000e+00 0.000000e+00 0.000000e+00 
4.000000 0.000000e+00 0.000000e+00 0.000000e+00 0.000000e+00 0.000000e+00 0.000000e+00 0.000000e+00 0.000000e+00 0.000000e+00 0.000000e+00 
5.000000 0.000000e+00 0.000000e+00 0.000000e+00 0.000000e+00 0.000000e+00 0.000000e+00 0.000000e+00 0.000000e+00 0.000000e+00 0.000000e+00 
6.000000 0.000000e+00 0.000000e+00 0.000000e+00 0.000000e+00 0.000000e+00 0.000000e+00 0.000000e+00 0.000000e+00 0.000000e+00 0.000000e+00 
7.000000 0.000000e+00 0.000000e+00 0.000000e+00 0.000000e+00 0.000000e+00 0.000000e+00 0.000000e+00 0.000000e+00 0.000000e+00 0.000000e+00 
8.000000 0.000000e+00 0.000000e+00 0.000000e+00 0.000000e+00 0.000000e+00 0.000000e+00 0.000000e+00 0.000000e+00 0.000000e+00 0.000000e+00 
9.000000 0.000000e+00 0.000000e+00 0.000000e+00 0.000000e+00 0.000000e+00 0.000000e+00 0.000000e+00 0.000000e+00 0.000000e+00 0.000000e+00 
10.000000 0.000000e+00 0.000000e+00 0.000000e+00 0.000000e+00 0.000000e+00 0.000000e+00 0.000000e+00 0.000000e+00 0.000000e+00 0.000000e+00 

Total elapsed time: 3(sec)

BER Performance of Galager (273,191) LDPC Code in AWGN Channel
Dimension of Parity Check matrix: (273,273)
Column Weight = 17, Row Weight = 17
number of bits of simulation = 764000

Eb/No     BER
0.000000 0.000000e+00 0.000000e+00 0.000000e+00 0.000000e+00 0.000000e+00 0.000000e+00 0.000000e+00 0.000000e+00 0.000000e+00 0.000000e+00 
BER Performance of Galager (273,191) LDPC Code in AWGN Channel
Dimension of Parity Check matrix: (273,273)
Column Weight = 17, Row Weight = 17
number of bits of simulation = 7640

Eb/No     BER
0.000000 0.000000e+00 0.000000e+00 0.000000e+00 0.000000e+00 0.000000e+00 0.000000e+00 0.000000e+00 0.000000e+00 0.000000e+00 0.000000e+00 
0.500000 0.000000e+00 0.000000e+00 0.000000e+00 0.000000e+00 0.000000e+00 0.000000e+00 0.000000e+00 0.000000e+00 0.000000e+00 0.000000e+00 
1.000000 0.000000e+00 0.000000e+00 0.000000e+00 0.000000e+00 0.000000e+00 0.000000e+00 0.000000e+00 0.000000e+00 0.000000e+00 0.000000e+00 
1.500000 0.000000e+00 0.000000e+00 0.000000e+00 0.000000e+00 0.000000e+00 0.000000e+00 0.000000e+00 0.000000e+00 0.000000e+00 0.000000e+00 
2.000000 0.000000e+00 0.000000e+00 0.000000e+00 0.000000e+00 0.000000e+00 0.000000e+00 0.000000e+00 0.000000e+00 0.000000e+00 0.000000e+00 
2.500000 0.000000e+00 0.000000e+00 0.000000e+00 0.000000e+00 0.000000e+00 0.000000e+00 0.000000e+00 0.000000e+00 0.000000e+00 0.000000e+00 
3.000000 0.000000e+00 0.000000e+00 0.000000e+00 0.000000e+00 0.000000e+00 0.000000e+00 0.000000e+00 0.000000e+00 0.000000e+00 0.000000e+00 
3.500000 0.000000e+00 0.000000e+00 0.000000e+00 0.000000e+00 0.000000e+00 0.000000e+00 0.000000e+00 0.000000e+00 0.000000e+00 0.000000e+00 
4.000000 0.000000e+00 0.000000e+00 0.000000e+00 0.000000e+00 0.000000e+00 0.000000e+00 0.000000e+00 0.000000e+00 0.000000e+00 0.000000e+00 
4.500000 0.000000e+00 0.000000e+00 0.000000e+00 0.000000e+00 0.000000e+00 0.000000e+00 0.000000e+00 0.000000e+00 0.000000e+00 0.000000e+00 
5.000000 0.000000e+00 0.000000e+00 0.000000e+00 0.000000e+00 0.000000e+00 0.000000e+00 0.000000e+00 0.000000e+00 0.000000e+00 0.000000e+00 

Total elapsed time: 31(sec)

BER Performance of Galager (273,191) LDPC Code in AWGN Channel
Dimension of Parity Check matrix: (273,273)
Column Weight = 17, Row Weight = 17
number of bits of simulation = 7640

Eb/No     BER
-5.000000 0.000000e+00 0.000000e+00 0.000000e+00 0.000000e+00 0.000000e+00 0.000000e+00 0.000000e+00 0.000000e+00 0.000000e+00 0.000000e+00 
-4.000000 0.000000e+00 0.000000e+00 0.000000e+00 0.000000e+00 0.000000e+00 0.000000e+00 0.000000e+00 0.000000e+00 0.000000e+00 0.000000e+00 
-3.000000 0.000000e+00 0.000000e+00 0.000000e+00 0.000000e+00 0.000000e+00 0.000000e+00 0.000000e+00 0.000000e+00 0.000000e+00 0.000000e+00 
-2.000000 0.000000e+00 0.000000e+00 0.000000e+00 0.000000e+00 0.000000e+00 0.000000e+00 0.000000e+00 0.000000e+00 0.000000e+00 0.000000e+00 
-1.000000 0.000000e+00 0.000000e+00 0.000000e+00 0.000000e+00 0.000000e+00 0.000000e+00 0.000000e+00 0.000000e+00 0.000000e+00 0.000000e+00 
0.000000 0.000000e+00 0.000000e+00 0.000000e+00 0.000000e+00 0.000000e+00 0.000000e+00 0.000000e+00 0.000000e+00 0.000000e+00 0.000000e+00 
1.000000 0.000000e+00 0.000000e+00 0.000000e+00 0.000000e+00 0.000000e+00 0.000000e+00 0.000000e+00 0.000000e+00 0.000000e+00 0.000000e+00 
2.000000 0.000000e+00 0.000000e+00 0.000000e+00 0.000000e+00 0.000000e+00 0.000000e+00 1.648352e-03 2.014652e-03 2.014652e-03 2.014652e-03 
3.000000 0.000000e+00 0.000000e+00 0.000000e+00 0.000000e+00 0.000000e+00 0.000000e+00 0.000000e+00 0.000000e+00 0.000000e+00 0.000000e+00 
4.000000 0.000000e+00 0.000000e+00 0.000000e+00 0.000000e+00 0.000000e+00 0.000000e+00 0.000000e+00 0.000000e+00 0.000000e+00 0.000000e+00 
5.000000 0.000000e+00 0.000000e+00 0.000000e+00 0.000000e+00 0.000000e+00 0.000000e+00 0.000000e+00 0.000000e+00 0.000000e+00 0.000000e+00 

Total elapsed time: 31(sec)

BER Performance of Galager (273,191) LDPC Code in AWGN Channel
Dimension of Parity Check matrix: (273,273)
Column Weight = 17, Row Weight = 17
number of bits of simulation = 76400

Eb/No     BER
-5.000000 0.000000e+00 0.000000e+00 0.000000e+00 0.000000e+00 0.000000e+00 0.000000e+00 0.000000e+00 0.000000e+00 0.000000e+00 0.000000e+00 
-4.000000 0.000000e+00 0.000000e+00 0.000000e+00 0.000000e+00 0.000000e+00 0.000000e+00 0.000000e+00 0.000000e+00 0.000000e+00 0.000000e+00 
-3.000000 0.000000e+00 0.000000e+00 0.000000e+00 0.000000e+00 0.000000e+00 0.000000e+00 0.000000e+00 0.000000e+00 0.000000e+00 0.000000e+00 
-2.000000 0.000000e+00 0.000000e+00 0.000000e+00 0.000000e+00 0.000000e+00 0.000000e+00 0.000000e+00 0.000000e+00 0.000000e+00 0.000000e+00 
-1.000000 0.000000e+00 0.000000e+00 0.000000e+00 0.000000e+00 0.000000e+00 0.000000e+00 0.000000e+00 0.000000e+00 0.000000e+00 0.000000e+00 
0.000000 0.000000e+00 0.000000e+00 0.000000e+00 0.000000e+00 0.000000e+00 0.000000e+00 0.000000e+00 0.000000e+00 0.000000e+00 0.000000e+00 
1.000000 0.000000e+00 0.000000e+00 0.000000e+00 0.000000e+00 0.000000e+00 0.000000e+00 0.000000e+00 0.000000e+00 0.000000e+00 0.000000e+00 
BER Performance of Galager (273,191) LDPC Code in AWGN Channel
Dimension of Parity Check matrix: (273,273)
Column Weight = 17, Row Weight = 17
number of bits of simulation = 109200

Eb/No     BER
BER Performance of Galager (273,191) LDPC Code in AWGN Channel
Dimension of Parity Check matrix: (273,273)
Column Weight = 17, Row Weight = 17
number of bits of simulation = 109200

Eb/No     BER
-5.000000 0.000000e+00 0.000000e+00 0.000000e+00 0.000000e+00 0.000000e+00 0.000000e+00 0.000000e+00 0.000000e+00 0.000000e+00 0.000000e+00 
-4.000000 0.000000e+00 0.000000e+00 0.000000e+00 0.000000e+00 0.000000e+00 0.000000e+00 0.000000e+00 0.000000e+00 0.000000e+00 0.000000e+00 
-3.000000 0.000000e+00 0.000000e+00 0.000000e+00 0.000000e+00 0.000000e+00 0.000000e+00 0.000000e+00 0.000000e+00 0.000000e+00 0.000000e+00 
-2.000000 0.000000e+00 0.000000e+00 0.000000e+00 0.000000e+00 0.000000e+00 0.000000e+00 0.000000e+00 0.000000e+00 0.000000e+00 0.000000e+00 
-1.000000 0.000000e+00 0.000000e+00 0.000000e+00 0.000000e+00 0.000000e+00 0.000000e+00 0.000000e+00 0.000000e+00 0.000000e+00 0.000000e+00 
0.000000 0.000000e+00 0.000000e+00 0.000000e+00 0.000000e+00 0.000000e+00 0.000000e+00 0.000000e+00 0.000000e+00 0.000000e+00 0.000000e+00 
1.000000 0.000000e+00 0.000000e+00 0.000000e+00 0.000000e+00 0.000000e+00 0.000000e+00 0.000000e+00 0.000000e+00 0.000000e+00 0.000000e+00 
2.000000 0.000000e+00 0.000000e+00 0.000000e+00 0.000000e+00 0.000000e+00 0.000000e+00 0.000000e+00 0.000000e+00 0.000000e+00 0.000000e+00 
3.000000 0.000000e+00 0.000000e+00 0.000000e+00 0.000000e+00 0.000000e+00 0.000000e+00 0.000000e+00 0.000000e+00 0.000000e+00 0.000000e+00 
4.000000 0.000000e+00 0.000000e+00 0.000000e+00 0.000000e+00 0.000000e+00 0.000000e+00 0.000000e+00 0.000000e+00 0.000000e+00 0.000000e+00 
5.000000 0.000000e+00 0.000000e+00 0.000000e+00 0.000000e+00 0.000000e+00 0.000000e+00 0.000000e+00 0.000000e+00 0.000000e+00 0.000000e+00 

Total elapsed time: 497(sec)

BER Performance of Galager (273,191) LDPC Code in AWGN Channel
Dimension of Parity Check matrix: (273,273)
Column Weight = 17, Row Weight = 17
number of bits of simulation = 109200

Eb/No     BER
-5.000000 0.000000e+00 0.000000e+00 
BER Performance of Galager (273,191) LDPC Code in AWGN Channel
Dimension of Parity Check matrix: (273,273)
Column Weight = 17, Row Weight = 17
number of bits of simulation = 109200

Eb/No     BER
-5.000000 0.000000e+00 0.000000e+00 
BER Performance of Galager (273,191) LDPC Code in AWGN Channel
Dimension of Parity Check matrix: (273,273)
Column Weight = 17, Row Weight = 17
number of bits of simulation = 109200

Eb/No     BER
-10.000000 0.000000e+00 0.000000e+00 
BER Performance of Galager (273,191) LDPC Code in AWGN Channel
Dimension of Parity Check matrix: (273,273)
Column Weight = 17, Row Weight = 17
number of bits of simulation = 109200

Eb/No     BER
-10.000000 0.000000e+00 
BER Performance of Galager (273,191) LDPC Code in AWGN Channel
Dimension of Parity Check matrix: (273,273)
Column Weight = 17, Row Weight = 17
number of bits of simulation = 109200

Eb/No     BER
BER Performance of Galager (273,191) LDPC Code in AWGN Channel
Dimension of Parity Check matrix: (273,273)
Column Weight = 17, Row Weight = 17
number of bits of simulation = 109200

Eb/No     BER
BER Performance of Galager (273,191) LDPC Code in AWGN Channel
Dimension of Parity Check matrix: (273,273)
Column Weight = 17, Row Weight = 17
number of bits of simulation = 109200

Eb/No     BER
BER Performance of Galager (273,191) LDPC Code in AWGN Channel
Dimension of Parity Check matrix: (273,273)
Column Weight = 17, Row Weight = 17
number of bits of simulation = 109200

Eb/No     BER
BER Performance of Galager (273,191) LDPC Code in AWGN Channel
Dimension of Parity Check matrix: (273,273)
Column Weight = 17, Row Weight = 17
number of bits of simulation = 109200

Eb/No     BER
BER Performance of Galager (273,191) LDPC Code in AWGN Channel
Dimension of Parity Check matrix: (273,273)
Column Weight = 17, Row Weight = 17
number of bits of simulation = 109200

Eb/No     BER
BER Performance of Galager (273,191) LDPC Code in AWGN Channel
Dimension of Parity Check matrix: (273,273)
Column Weight = 17, Row Weight = 17
number of bits of simulation = 109200

Eb/No     BER
BER Performance of Galager (273,191) LDPC Code in AWGN Channel
Dimension of Parity Check matrix: (273,273)
Column Weight = 17, Row Weight = 17
number of bits of simulation = 10920000

Eb/No     BER
0.000000 1.170255e-01 1.169178e-01 1.169027e-01 1.168954e-01 1.168921e-01 1.168902e-01 1.168895e-01 1.168883e-01 1.168864e-01 1.168853e-01 
0.500000 1.024663e-01 1.020504e-01 1.019095e-01 1.018403e-01 1.017835e-01 1.017446e-01 1.017103e-01 1.016768e-01 1.016481e-01 1.016207e-01 
1.000000 8.750897e-02 8.613938e-02 8.542720e-02 8.487244e-02 8.439863e-02 8.401364e-02 8.371328e-02 8.347637e-02 8.328736e-02 8.313828e-02 
1.500000 7.213571e-02 6.823910e-02 6.509899e-02 6.242399e-02 6.033581e-02 5.880311e-02 5.769963e-02 5.686850e-02 5.624322e-02 5.577601e-02 
2.000000 5.585156e-02 4.662995e-02 3.845668e-02 3.273031e-02 2.918333e-02 2.702821e-02 2.561932e-02 2.461502e-02 2.392491e-02 2.340201e-02 
2.500000 3.989863e-02 2.418883e-02 1.384689e-02 9.275641e-03 7.231685e-03 6.231319e-03 5.657601e-03 5.271520e-03 4.996154e-03 4.809982e-03 
3.000000 2.460705e-02 7.388370e-03 2.249634e-03 1.070788e-03 7.060440e-04 5.749084e-04 5.007326e-04 4.630037e-04 4.487179e-04 4.222527e-04 
3.500000 1.241923e-02 1.070147e-03 1.419414e-04 5.750916e-05 3.754579e-05 2.811355e-05 2.435897e-05 2.289377e-05 2.307692e-05 1.840659e-05 
4.000000 4.570421e-03 4.972527e-05 2.197802e-06 6.410256e-07 0.000000e+00 0.000000e+00 0.000000e+00 0.000000e+00 0.000000e+00 0.000000e+00 
4.500000 1.157051e-03 1.373626e-06 0.000000e+00 0.000000e+00 0.000000e+00 0.000000e+00 0.000000e+00 0.000000e+00 0.000000e+00 0.000000e+00 
5.000000 1.478022e-04 0.000000e+00 0.000000e+00 0.000000e+00 0.000000e+00 0.000000e+00 0.000000e+00 0.000000e+00 0.000000e+00 0.000000e+00 

Total elapsed time: 31579(sec)

