(2,1,2) {5,7} convolutional code, Viterbi decoder, AWGN channel
number of bits of simulation = 102400

Eb/No     BER
0.000000 4.245508e-01
1.000000 4.188867e-01
2.000000 4.131836e-01
3.000000 4.092383e-01
4.000000 4.053809e-01
5.000000 4.021582e-01
6.000000 4.003906e-01
7.000000 3.971094e-01
8.000000 3.949219e-01
9.000000 3.929297e-01
10.000000 3.918359e-01

Total elapsed time: 132(sec)

(2,1,2) {5,7} convolutional code, Viterbi decoder, AWGN channel
number of bits of simulation = 102400

Eb/No     BER
0.000000 4.274902e-01
1.000000 4.220313e-01
2.000000 4.177344e-01
3.000000 4.139453e-01
4.000000 4.060352e-01
5.000000 4.005371e-01
6.000000 3.929492e-01
7.000000 3.836328e-01
8.000000 3.737207e-01
9.000000 3.625977e-01
10.000000 3.529687e-01

Total elapsed time: 132(sec)

(2,1,2) {5,7} convolutional code, Viterbi decoder, AWGN channel
number of bits of simulation = 100000

Eb/No     BER
0.000000 4.419900e-01
1.000000 4.362300e-01
2.000000 4.298500e-01
3.000000 4.282100e-01
4.000000 4.246500e-01
5.000000 4.223700e-01
6.000000 4.218100e-01
7.000000 4.226800e-01
8.000000 4.246200e-01
9.000000 4.245700e-01
10.000000 4.256900e-01

Total elapsed time: 134(sec)

(2,1,2) {5,7} convolutional code, Viterbi decoder, AWGN channel
number of bits of simulation = 100000

Eb/No     BER
(2,1,2) {5,7} convolutional code, Viterbi decoder, AWGN channel
number of bits of simulation = 100000

Eb/No     BER
(2,1,2) {5,7} convolutional code, Viterbi decoder, AWGN channel
number of bits of simulation = 100000

Eb/No     BER
(2,1,2) {5,7} convolutional code, Viterbi decoder, AWGN channel
number of bits of simulation = 100000

Eb/No     BER
(2,1,2) {5,7} convolutional code, Viterbi decoder, AWGN channel
number of bits of simulation = 100000

Eb/No     BER
0.000000 4.530300e-01
1.000000 4.511200e-01
2.000000 4.491900e-01
3.000000 4.452800e-01
4.000000 4.452800e-01
5.000000 4.467700e-01
6.000000 4.486900e-01
7.000000 4.504000e-01
8.000000 4.517300e-01
9.000000 4.489100e-01
10.000000 4.521300e-01

Total elapsed time: 138(sec)

(2,1,2) {5,7} convolutional code, Viterbi decoder, AWGN channel
number of bits of simulation = 100000

Eb/No     BER
0.000000 4.295400e-01
1.000000 4.225500e-01
2.000000 4.173400e-01
3.000000 4.132500e-01
4.000000 4.081700e-01
5.000000 4.017400e-01
6.000000 3.934600e-01
7.000000 3.831700e-01
8.000000 3.744400e-01
9.000000 3.623600e-01
10.000000 3.537700e-01

Total elapsed time: 138(sec)

(2,1,2) {5,7} convolutional code, Viterbi decoder, AWGN channel
number of bits of simulation = 100000

Eb/No     BER
(2,1,2) {5,7} convolutional code, Viterbi decoder, AWGN channel
number of bits of simulation = 100000

Eb/No     BER
(2,1,2) {5,7} convolutional code, Viterbi decoder, AWGN channel
number of bits of simulation = 100000

Eb/No     BER
0.000000 4.271400e-01
1.000000 4.233600e-01
2.000000 4.165100e-01
3.000000 4.121600e-01
4.000000 4.080300e-01
5.000000 4.015900e-01
6.000000 3.930100e-01
7.000000 3.835000e-01
8.000000 3.735500e-01
9.000000 3.627400e-01
10.000000 3.534000e-01

Total elapsed time: 136(sec)

(2,1,2) {5,7} convolutional code, Viterbi decoder, AWGN channel
number of bits of simulation = 100000

Eb/No     BER
(2,1,2) {5,7} convolutional code, Viterbi decoder, AWGN channel
number of bits of simulation = 100000

Eb/No     BER
0.000000 3.284400e-01
1.000000 2.702800e-01
2.000000 2.169300e-01
3.000000 1.556300e-01
4.000000 1.044500e-01
5.000000 5.695000e-02
6.000000 2.771000e-02
7.000000 1.064000e-02
8.000000 3.550000e-03
9.000000 1.020000e-03
10.000000 2.100000e-04

Total elapsed time: 124(sec)

(2,1,2) {5,7} convolutional code, Viterbi decoder, AWGN channel
number of bits of simulation = 10000000

Eb/No     BER
0.000000 3.246458e-01
1.000000 2.756504e-01
2.000000 2.177238e-01
3.000000 1.582672e-01
4.000000 1.022040e-01
5.000000 5.686880e-02
6.000000 2.713570e-02
7.000000 1.077430e-02
8.000000 3.557100e-03
9.000000 9.375000e-04
10.000000 1.861000e-04
11.000000 2.940000e-05
12.000000 2.600000e-06
13.000000 3.000000e-07
14.000000 0.000000e+00
15.000000 0.000000e+00

Total elapsed time: 7772(sec)

(2,1,2) {5,7} convolutional code, Viterbi decoder, AWGN channel
number of bits of simulation = 10000000

Eb/No     BER
0.000000 2.267326e-01
1.000000 1.650723e-01
2.000000 1.049134e-01
3.000000 5.664920e-02
4.000000 2.525660e-02
5.000000 9.902600e-03
6.000000 3.291500e-03
7.000000 1.035800e-03
8.000000 2.800000e-04
9.000000 6.330000e-05
10.000000 1.520000e-05
11.000000 2.000000e-06
12.000000 1.000000e-07
13.000000 0.000000e+00
14.000000 0.000000e+00
15.000000 0.000000e+00

Total elapsed time: 8440(sec)

