BER Performance of Galager (20,5) LDPC Code in AWGN Channel
Dimension of Parity Check matrix: (20,15)
Column Weight = 3, Row Weight = 4
number of bits of simulation = 250000

Eb/No     BER
BER Performance of Galager (20,5) LDPC Code in AWGN Channel
Dimension of Parity Check matrix: (20,15)
Column Weight = 3, Row Weight = 4
number of bits of simulation = 250000

Eb/No     BER
BER Performance of Galager (20,5) LDPC Code in AWGN Channel
Dimension of Parity Check matrix: (20,15)
Column Weight = 3, Row Weight = 4
number of bits of simulation = 250000

Eb/No     BER
BER Performance of Galager (20,5) LDPC Code in AWGN Channel
Dimension of Parity Check matrix: (20,15)
Column Weight = 3, Row Weight = 4
number of bits of simulation = 250000

Eb/No     BER
BER Performance of Galager (20,5) LDPC Code in AWGN Channel
Dimension of Parity Check matrix: (20,15)
Column Weight = 3, Row Weight = 4
number of bits of simulation = 250000

Eb/No     BER
BER Performance of Galager (20,5) LDPC Code in AWGN Channel
Dimension of Parity Check matrix: (20,15)
Column Weight = 3, Row Weight = 4
number of bits of simulation = 250000

Eb/No     BER
0.000000 2.919400e-02 3.196600e-02 3.373800e-02 3.258900e-02 3.073200e-02 3.089400e-02 3.166800e-02 3.429100e-02 3.666100e-02 3.918600e-02 
1.000000 2.211000e-02 2.391800e-02 2.541500e-02 2.478800e-02 2.385400e-02 2.430100e-02 2.476500e-02 2.678300e-02 2.837000e-02 3.025500e-02 
2.000000 1.585100e-02 1.627800e-02 1.754500e-02 1.704100e-02 1.645100e-02 1.666100e-02 1.689800e-02 1.834500e-02 1.967600e-02 2.082700e-02 
3.000000 1.023200e-02 9.991000e-03 1.076700e-02 1.040300e-02 1.001800e-02 1.026300e-02 1.040800e-02 1.126200e-02 1.187800e-02 1.271800e-02 
4.000000 5.965000e-03 5.380000e-03 5.803000e-03 5.696000e-03 5.755000e-03 5.777000e-03 5.700000e-03 6.081000e-03 6.411000e-03 6.840000e-03 
5.000000 2.960000e-03 2.370000e-03 2.426000e-03 2.354000e-03 2.366000e-03 2.317000e-03 2.334000e-03 2.445000e-03 2.582000e-03 2.640000e-03 
6.000000 1.275000e-03 8.350000e-04 8.170000e-04 8.300000e-04 8.630000e-04 8.270000e-04 8.310000e-04 8.590000e-04 8.780000e-04 8.780000e-04 
7.000000 3.870000e-04 1.980000e-04 1.870000e-04 1.880000e-04 2.310000e-04 2.200000e-04 2.180000e-04 2.170000e-04 2.240000e-04 2.050000e-04 
8.000000 8.900000e-05 4.400000e-05 3.300000e-05 2.600000e-05 3.300000e-05 3.500000e-05 3.200000e-05 3.100000e-05 2.800000e-05 2.600000e-05 
9.000000 1.000000e-05 4.000000e-06 3.000000e-06 6.000000e-06 7.000000e-06 1.000000e-05 9.000000e-06 8.000000e-06 7.000000e-06 1.000000e-05 
10.000000 0.000000e+00 0.000000e+00 0.000000e+00 0.000000e+00 0.000000e+00 0.000000e+00 0.000000e+00 0.000000e+00 0.000000e+00 0.000000e+00 

Total elapsed time: 108(sec)

BER Performance of Galager (20,5) LDPC Code in AWGN Channel
Dimension of Parity Check matrix: (20,15)
Column Weight = 3, Row Weight = 4
number of bits of simulation = 2500000

Eb/No     BER
0.000000 2.893080e-02 3.172040e-02 3.323350e-02 3.247990e-02 3.091470e-02 3.126120e-02 3.201260e-02 3.459800e-02 3.683970e-02 3.931100e-02 
1.000000 2.209470e-02 2.379940e-02 2.529570e-02 2.468370e-02 2.353380e-02 2.392280e-02 2.447580e-02 2.651400e-02 2.822370e-02 3.009190e-02 
2.000000 1.568810e-02 1.633010e-02 1.745190e-02 1.705740e-02 1.642210e-02 1.669660e-02 1.696970e-02 1.840990e-02 1.959130e-02 2.089580e-02 
3.000000 1.020040e-02 1.003420e-02 1.079120e-02 1.058910e-02 1.040140e-02 1.055940e-02 1.069180e-02 1.150230e-02 1.219110e-02 1.298570e-02 
4.000000 5.881100e-03 5.320600e-03 5.636000e-03 5.568400e-03 5.591900e-03 5.642900e-03 5.703000e-03 6.070000e-03 6.391200e-03 6.715000e-03 
5.000000 2.942800e-03 2.363300e-03 2.443500e-03 2.413500e-03 2.475300e-03 2.497500e-03 2.460700e-03 2.620500e-03 2.709400e-03 2.821700e-03 
6.000000 1.189000e-03 7.954000e-04 7.883000e-04 7.816000e-04 8.558000e-04 8.451000e-04 8.386000e-04 8.669000e-04 8.721000e-04 8.975000e-04 
7.000000 3.979000e-04 2.124000e-04 1.841000e-04 1.836000e-04 2.119000e-04 2.021000e-04 1.945000e-04 1.952000e-04 1.908000e-04 1.864000e-04 
8.000000 9.200000e-05 3.590000e-05 2.600000e-05 2.650000e-05 3.430000e-05 3.150000e-05 3.070000e-05 3.190000e-05 2.830000e-05 2.620000e-05 
9.000000 1.520000e-05 3.900000e-06 2.100000e-06 2.000000e-06 2.300000e-06 2.700000e-06 2.800000e-06 2.300000e-06 1.600000e-06 2.000000e-06 
10.000000 1.100000e-06 0.000000e+00 0.000000e+00 1.000000e-07 0.000000e+00 0.000000e+00 0.000000e+00 0.000000e+00 0.000000e+00 0.000000e+00 

Total elapsed time: 1074(sec)

BER Performance of Galager (20,5) LDPC Code in AWGN Channel
Dimension of Parity Check matrix: (20,15)
Column Weight = 3, Row Weight = 4
number of bits of simulation = 2500000

Eb/No     BER
0.000000 2.142869e-01 2.063992e-01 2.032849e-01 2.001129e-01 1.985630e-01 1.936600e-01 1.900536e-01 1.873449e-01 1.868054e-01 1.862947e-01 
1.000000 1.776275e-01 1.642783e-01 1.592740e-01 1.553483e-01 1.534695e-01 1.483083e-01 1.444034e-01 1.417323e-01 1.411668e-01 1.405024e-01 
2.000000 1.400131e-01 1.211658e-01 1.146615e-01 1.103220e-01 1.085122e-01 1.036542e-01 9.989060e-02 9.739990e-02 9.668140e-02 9.616720e-02 
3.000000 1.026724e-01 8.021300e-02 7.299360e-02 6.886110e-02 6.734240e-02 6.325250e-02 6.009930e-02 5.808930e-02 5.733970e-02 5.688280e-02 
4.000000 6.872390e-02 4.610750e-02 3.948540e-02 3.620870e-02 3.522950e-02 3.227560e-02 3.017070e-02 2.885140e-02 2.828230e-02 2.790140e-02 
5.000000 4.057420e-02 2.192970e-02 1.723890e-02 1.524390e-02 1.470740e-02 1.309430e-02 1.195530e-02 1.125270e-02 1.093590e-02 1.073070e-02 
6.000000 2.037050e-02 8.211400e-03 5.696000e-03 4.801100e-03 4.607400e-03 3.931100e-03 3.498800e-03 3.250400e-03 3.085700e-03 2.994900e-03 
7.000000 8.226200e-03 2.294900e-03 1.346300e-03 1.065000e-03 1.031500e-03 8.581000e-04 7.297000e-04 6.608000e-04 6.195000e-04 5.932000e-04 
8.000000 2.507100e-03 4.522000e-04 2.162000e-04 1.642000e-04 1.575000e-04 1.264000e-04 1.056000e-04 9.610000e-05 8.680000e-05 8.030000e-05 
9.000000 5.593000e-04 6.660000e-05 2.210000e-05 1.540000e-05 1.510000e-05 9.500000e-06 8.000000e-06 7.100000e-06 6.000000e-06 5.500000e-06 
10.000000 7.130000e-05 3.800000e-06 1.000000e-06 5.000000e-07 7.000000e-07 2.000000e-07 1.000000e-07 1.000000e-07 0.000000e+00 0.000000e+00 

Total elapsed time: 1508(sec)

