(2,1,2) {5,7} convolutional code, MAP decoder, AWGN channel
number of bits of simulation = 10000000

Iterations = 3

Eb/No     BER
0.000000 9.909180e-02 9.161900e-02 9.034830e-02 1.397370e-76 
1.000000 4.535070e-02 4.172290e-02 4.121460e-02 1.397371e-76 
2.000000 1.521070e-02 1.422350e-02 1.408540e-02 1.397372e-76 
3.000000 3.715700e-03 3.542900e-03 3.519300e-03 1.397374e-76 
4.000000 6.497000e-04 6.342000e-04 6.294000e-04 1.397375e-76 
5.000000 7.880000e-05 7.710000e-05 7.670000e-05 1.397376e-76 
6.000000 7.000000e-06 6.700000e-06 6.600000e-06 1.397378e-76 
7.000000 0.000000e+00 0.000000e+00 0.000000e+00 1.397379e-76 
8.000000 0.000000e+00 0.000000e+00 0.000000e+00 1.397380e-76 
9.000000 0.000000e+00 0.000000e+00 0.000000e+00 1.397381e-76 
10.000000 0.000000e+00 0.000000e+00 0.000000e+00 1.303555e-76 
(2,1,2) {5,7} convolutional code, MAP decoder, AWGN channel
number of bits of simulation = 10000000

Iterations = 3

Eb/No     BER
0.000000 9.928740e-02 9.167660e-02 9.082360e-02 
1.000000 4.538820e-02 4.187050e-02 4.150360e-02 
2.000000 1.527690e-02 1.428400e-02 1.419670e-02 
3.000000 3.657700e-03 3.513000e-03 3.497200e-03 
4.000000 6.407000e-04 6.229000e-04 6.206000e-04 
5.000000 7.830000e-05 7.690000e-05 7.630000e-05 
6.000000 8.000000e-06 7.800000e-06 7.800000e-06 
7.000000 1.000000e-07 1.000000e-07 1.000000e-07 
8.000000 0.000000e+00 0.000000e+00 0.000000e+00 
9.000000 0.000000e+00 0.000000e+00 0.000000e+00 
10.000000 0.000000e+00 0.000000e+00 0.000000e+00 
Total elapsed time: 4564(sec)

