Trellis diagram of (2,1,4) convolutional code
Generator polynomials are {23,35} in Octal
Generator polynomials are {25,23} in Decimal reverse order

s(k-1) s(k) input out23 out35
   0    0     0     0    0
   0    1     1     1    1
   1    2     0     0    1
   1    3     1     1    0
   2    4     0     0    1
   2    5     1     1    0
   3    6     0     0    0
   3    7     1     1    1
   4    8     0     1    0
   4    9     1     0    1
   5   10     0     1    1
   5   11     1     0    0
   6   12     0     1    1
   6   13     1     0    0
   7   14     0     1    0
   7   15     1     0    1
   8    0     0     1    1
   8    1     1     0    0
   9    2     0     1    0
   9    3     1     0    1
  10    4     0     1    0
  10    5     1     0    1
  11    6     0     1    1
  11    7     1     0    0
  12    8     0     0    1
  12    9     1     1    0
  13   10     0     0    0
  13   11     1     1    1
  14   12     0     0    0
  14   13     1     1    1
  15   14     0     0    1
  15   15     1     1    0
